<?xml version="1.0" encoding="UTF-8"?>
<!-- Generated by org.testng.reporters.JUnitReportReporter -->
<testsuite skipped="0" hostname="DESKTOP-0RA0UF6" name="IE" tests="1" failures="0" timestamp="19 Dec 2018 01:59:10 GMT" time="12.861" errors="0">
  <testcase name="handllerOpenWeb" time="12.861" classname="IE"/>
</testsuite> <!-- IE -->
